{"/home/user/MechanicsOfMotherhood/src/components/common/Button.jsx": {"path":"/home/user/MechanicsOfMotherhood/src/components/common/Button.jsx","statementMap":{"0":{"start":{"line":3,"column":15},"end":{"line":39,"column":null}},"1":{"start":{"line":13,"column":21},"end":{"line":13,"column":null}},"2":{"start":{"line":15,"column":19},"end":{"line":20,"column":null}},"3":{"start":{"line":22,"column":16},"end":{"line":26,"column":null}},"4":{"start":{"line":28,"column":2},"end":{"line":37,"column":null}}},"fnMap":{"0":{"name":"(anonymous_0)","decl":{"start":{"line":3,"column":15},"end":{"line":3,"column":16}},"loc":{"start":{"line":12,"column":6},"end":{"line":39,"column":null}},"line":12}},"branchMap":{"0":{"loc":{"start":{"line":6,"column":2},"end":{"line":6,"column":null}},"type":"default-arg","locations":[{"start":{"line":6,"column":9},"end":{"line":6,"column":null}}],"line":6},"1":{"loc":{"start":{"line":7,"column":2},"end":{"line":7,"column":null}},"type":"default-arg","locations":[{"start":{"line":7,"column":12},"end":{"line":7,"column":null}}],"line":7},"2":{"loc":{"start":{"line":8,"column":2},"end":{"line":8,"column":null}},"type":"default-arg","locations":[{"start":{"line":8,"column":9},"end":{"line":8,"column":null}}],"line":8},"3":{"loc":{"start":{"line":9,"column":2},"end":{"line":9,"column":null}},"type":"default-arg","locations":[{"start":{"line":9,"column":13},"end":{"line":9,"column":null}}],"line":9},"4":{"loc":{"start":{"line":10,"column":2},"end":{"line":10,"column":null}},"type":"default-arg","locations":[{"start":{"line":10,"column":14},"end":{"line":10,"column":null}}],"line":10}},"s":{"0":1,"1":6,"2":6,"3":6,"4":6},"f":{"0":6},"b":{"0":[6],"1":[6],"2":[6],"3":[6],"4":[6]},"meta":{"lastBranch":5,"lastFunction":1,"lastStatement":5,"seen":{"s:3:15:39:Infinity":0,"f:3:15:3:16":0,"b:6:9:6:Infinity":0,"b:7:12:7:Infinity":1,"b:8:9:8:Infinity":2,"b:9:13:9:Infinity":3,"b:10:14:10:Infinity":4,"s:13:21:13:Infinity":1,"s:15:19:20:Infinity":2,"s:22:16:26:Infinity":3,"s:28:2:37:Infinity":4}}}
,"/home/user/MechanicsOfMotherhood/src/components/common/Card.jsx": {"path":"/home/user/MechanicsOfMotherhood/src/components/common/Card.jsx","statementMap":{"0":{"start":{"line":3,"column":13},"end":{"line":33,"column":null}},"1":{"start":{"line":4,"column":22},"end":{"line":6,"column":null}},"2":{"start":{"line":9,"column":24},"end":{"line":14,"column":null}},"3":{"start":{"line":10,"column":4},"end":{"line":13,"column":null}},"4":{"start":{"line":11,"column":6},"end":{"line":11,"column":null}},"5":{"start":{"line":12,"column":6},"end":{"line":12,"column":null}},"6":{"start":{"line":16,"column":25},"end":{"line":23,"column":null}},"7":{"start":{"line":25,"column":2},"end":{"line":31,"column":null}}},"fnMap":{"0":{"name":"(anonymous_0)","decl":{"start":{"line":3,"column":13},"end":{"line":3,"column":14}},"loc":{"start":{"line":3,"column":75},"end":{"line":33,"column":null}},"line":3},"1":{"name":"(anonymous_1)","decl":{"start":{"line":9,"column":24},"end":{"line":9,"column":25}},"loc":{"start":{"line":9,"column":31},"end":{"line":14,"column":null}},"line":9}},"branchMap":{"0":{"loc":{"start":{"line":3,"column":26},"end":{"line":3,"column":42}},"type":"default-arg","locations":[{"start":{"line":3,"column":38},"end":{"line":3,"column":42}}],"line":3},"1":{"loc":{"start":{"line":3,"column":51},"end":{"line":3,"column":69}},"type":"default-arg","locations":[{"start":{"line":3,"column":63},"end":{"line":3,"column":69}}],"line":3},"2":{"loc":{"start":{"line":4,"column":22},"end":{"line":6,"column":null}},"type":"cond-expr","locations":[{"start":{"line":5,"column":6},"end":{"line":5,"column":null}},{"start":{"line":6,"column":6},"end":{"line":6,"column":null}}],"line":4},"3":{"loc":{"start":{"line":10,"column":4},"end":{"line":13,"column":null}},"type":"if","locations":[{"start":{"line":10,"column":4},"end":{"line":13,"column":null}},{"start":{},"end":{}}],"line":10},"4":{"loc":{"start":{"line":10,"column":8},"end":{"line":10,"column":57}},"type":"binary-expr","locations":[{"start":{"line":10,"column":8},"end":{"line":10,"column":20}},{"start":{"line":10,"column":20},"end":{"line":10,"column":41}},{"start":{"line":10,"column":41},"end":{"line":10,"column":57}}],"line":10},"5":{"loc":{"start":{"line":16,"column":25},"end":{"line":23,"column":null}},"type":"cond-expr","locations":[{"start":{"line":17,"column":6},"end":{"line":22,"column":null}},{"start":{"line":23,"column":6},"end":{"line":23,"column":null}}],"line":16}},"s":{"0":2,"1":26,"2":26,"3":4,"4":4,"5":4,"6":26,"7":26},"f":{"0":26,"1":4},"b":{"0":[26],"1":[26],"2":[16,10],"3":[4,0],"4":[4,4,2],"5":[21,5]},"meta":{"lastBranch":6,"lastFunction":2,"lastStatement":8,"seen":{"s:3:13:33:Infinity":0,"f:3:13:3:14":0,"b:3:38:3:42":0,"b:3:63:3:69":1,"s:4:22:6:Infinity":1,"b:5:6:5:Infinity:6:6:6:Infinity":2,"s:9:24:14:Infinity":2,"f:9:24:9:25":1,"b:10:4:13:Infinity:undefined:undefined:undefined:undefined":3,"s:10:4:13:Infinity":3,"b:10:8:10:20:10:20:10:41:10:41:10:57":4,"s:11:6:11:Infinity":4,"s:12:6:12:Infinity":5,"s:16:25:23:Infinity":6,"b:17:6:22:Infinity:23:6:23:Infinity":5,"s:25:2:31:Infinity":7}}}
,"/home/user/MechanicsOfMotherhood/src/components/common/ErrorMessage.jsx": {"path":"/home/user/MechanicsOfMotherhood/src/components/common/ErrorMessage.jsx","statementMap":{"0":{"start":{"line":3,"column":21},"end":{"line":29,"column":null}},"1":{"start":{"line":4,"column":2},"end":{"line":4,"column":null}},"2":{"start":{"line":4,"column":16},"end":{"line":4,"column":null}},"3":{"start":{"line":6,"column":2},"end":{"line":27,"column":null}}},"fnMap":{"0":{"name":"(anonymous_0)","decl":{"start":{"line":3,"column":21},"end":{"line":3,"column":22}},"loc":{"start":{"line":3,"column":54},"end":{"line":29,"column":null}},"line":3}},"branchMap":{"0":{"loc":{"start":{"line":3,"column":33},"end":{"line":3,"column":48}},"type":"default-arg","locations":[{"start":{"line":3,"column":45},"end":{"line":3,"column":48}}],"line":3},"1":{"loc":{"start":{"line":4,"column":2},"end":{"line":4,"column":null}},"type":"if","locations":[{"start":{"line":4,"column":2},"end":{"line":4,"column":null}},{"start":{},"end":{}}],"line":4}},"s":{"0":1,"1":12,"2":3,"3":9},"f":{"0":12},"b":{"0":[12],"1":[3,9]},"meta":{"lastBranch":2,"lastFunction":1,"lastStatement":4,"seen":{"s:3:21:29:Infinity":0,"f:3:21:3:22":0,"b:3:45:3:48":0,"b:4:2:4:Infinity:undefined:undefined:undefined:undefined":1,"s:4:2:4:Infinity":1,"s:4:16:4:Infinity":2,"s:6:2:27:Infinity":3}}}
,"/home/user/MechanicsOfMotherhood/src/components/common/SearchBar.jsx": {"path":"/home/user/MechanicsOfMotherhood/src/components/common/SearchBar.jsx","statementMap":{"0":{"start":{"line":3,"column":18},"end":{"line":32,"column":null}},"1":{"start":{"line":4,"column":34},"end":{"line":4,"column":null}},"2":{"start":{"line":6,"column":23},"end":{"line":9,"column":null}},"3":{"start":{"line":7,"column":4},"end":{"line":7,"column":null}},"4":{"start":{"line":8,"column":4},"end":{"line":8,"column":null}},"5":{"start":{"line":11,"column":23},"end":{"line":13,"column":null}},"6":{"start":{"line":12,"column":4},"end":{"line":12,"column":null}},"7":{"start":{"line":15,"column":2},"end":{"line":30,"column":null}}},"fnMap":{"0":{"name":"(anonymous_0)","decl":{"start":{"line":3,"column":18},"end":{"line":3,"column":19}},"loc":{"start":{"line":3,"column":79},"end":{"line":32,"column":null}},"line":3},"1":{"name":"(anonymous_1)","decl":{"start":{"line":6,"column":23},"end":{"line":6,"column":24}},"loc":{"start":{"line":6,"column":30},"end":{"line":9,"column":null}},"line":6},"2":{"name":"(anonymous_2)","decl":{"start":{"line":11,"column":23},"end":{"line":11,"column":24}},"loc":{"start":{"line":11,"column":30},"end":{"line":13,"column":null}},"line":11}},"branchMap":{"0":{"loc":{"start":{"line":3,"column":31},"end":{"line":3,"column":58}},"type":"default-arg","locations":[{"start":{"line":3,"column":45},"end":{"line":3,"column":58}}],"line":3},"1":{"loc":{"start":{"line":3,"column":58},"end":{"line":3,"column":73}},"type":"default-arg","locations":[{"start":{"line":3,"column":70},"end":{"line":3,"column":73}}],"line":3}},"s":{"0":1,"1":71,"2":71,"3":7,"4":7,"5":71,"6":60,"7":71},"f":{"0":71,"1":7,"2":60},"b":{"0":[71],"1":[71]},"meta":{"lastBranch":2,"lastFunction":3,"lastStatement":8,"seen":{"s:3:18:32:Infinity":0,"f:3:18:3:19":0,"b:3:45:3:58":0,"b:3:70:3:73":1,"s:4:34:4:Infinity":1,"s:6:23:9:Infinity":2,"f:6:23:6:24":1,"s:7:4:7:Infinity":3,"s:8:4:8:Infinity":4,"s:11:23:13:Infinity":5,"f:11:23:11:24":2,"s:12:4:12:Infinity":6,"s:15:2:30:Infinity":7}}}
,"/home/user/MechanicsOfMotherhood/src/components/common/Spinner.jsx": {"path":"/home/user/MechanicsOfMotherhood/src/components/common/Spinner.jsx","statementMap":{"0":{"start":{"line":3,"column":16},"end":{"line":18,"column":null}},"1":{"start":{"line":4,"column":16},"end":{"line":9,"column":null}},"2":{"start":{"line":11,"column":2},"end":{"line":16,"column":null}}},"fnMap":{"0":{"name":"(anonymous_0)","decl":{"start":{"line":3,"column":16},"end":{"line":3,"column":17}},"loc":{"start":{"line":3,"column":53},"end":{"line":18,"column":null}},"line":3}},"branchMap":{"0":{"loc":{"start":{"line":3,"column":19},"end":{"line":3,"column":32}},"type":"default-arg","locations":[{"start":{"line":3,"column":26},"end":{"line":3,"column":32}}],"line":3},"1":{"loc":{"start":{"line":3,"column":32},"end":{"line":3,"column":47}},"type":"default-arg","locations":[{"start":{"line":3,"column":44},"end":{"line":3,"column":47}}],"line":3}},"s":{"0":1,"1":7,"2":7},"f":{"0":7},"b":{"0":[7],"1":[7]},"meta":{"lastBranch":2,"lastFunction":1,"lastStatement":3,"seen":{"s:3:16:18:Infinity":0,"f:3:16:3:17":0,"b:3:26:3:32":0,"b:3:44:3:47":1,"s:4:16:9:Infinity":1,"s:11:2:16:Infinity":2}}}
,"/home/user/MechanicsOfMotherhood/src/components/recipes/RecipeCard.jsx": {"path":"/home/user/MechanicsOfMotherhood/src/components/recipes/RecipeCard.jsx","statementMap":{"0":{"start":{"line":5,"column":19},"end":{"line":52,"column":null}},"1":{"start":{"line":6,"column":8},"end":{"line":6,"column":null}},"2":{"start":{"line":8,"column":22},"end":{"line":10,"column":null}},"3":{"start":{"line":9,"column":4},"end":{"line":9,"column":null}},"4":{"start":{"line":12,"column":2},"end":{"line":50,"column":null}}},"fnMap":{"0":{"name":"(anonymous_0)","decl":{"start":{"line":5,"column":19},"end":{"line":5,"column":20}},"loc":{"start":{"line":5,"column":35},"end":{"line":52,"column":null}},"line":5},"1":{"name":"(anonymous_1)","decl":{"start":{"line":8,"column":22},"end":{"line":8,"column":28}},"loc":{"start":{"line":8,"column":28},"end":{"line":10,"column":null}},"line":8}},"branchMap":{"0":{"loc":{"start":{"line":19,"column":9},"end":{"line":22,"column":null}},"type":"binary-expr","locations":[{"start":{"line":19,"column":9},"end":{"line":19,"column":null}},{"start":{"line":20,"column":10},"end":{"line":22,"column":null}}],"line":19},"1":{"loc":{"start":{"line":26,"column":11},"end":{"line":42,"column":null}},"type":"binary-expr","locations":[{"start":{"line":26,"column":11},"end":{"line":26,"column":null}},{"start":{"line":27,"column":12},"end":{"line":42,"column":null}}],"line":26},"2":{"loc":{"start":{"line":45,"column":11},"end":{"line":46,"column":null}},"type":"binary-expr","locations":[{"start":{"line":45,"column":11},"end":{"line":45,"column":null}},{"start":{"line":46,"column":12},"end":{"line":46,"column":null}}],"line":45}},"s":{"0":1,"1":15,"2":15,"3":3,"4":15},"f":{"0":15,"1":3},"b":{"0":[15,14],"1":[15,14],"2":[15,14]},"meta":{"lastBranch":3,"lastFunction":2,"lastStatement":5,"seen":{"s:5:19:52:Infinity":0,"f:5:19:5:20":0,"s:6:8:6:Infinity":1,"s:8:22:10:Infinity":2,"f:8:22:8:28":1,"s:9:4:9:Infinity":3,"s:12:2:50:Infinity":4,"b:19:9:19:Infinity:20:10:22:Infinity":0,"b:26:11:26:Infinity:27:12:42:Infinity":1,"b:45:11:45:Infinity:46:12:46:Infinity":2}}}
}
