TN:
SF:src/components/common/Button.jsx
FN:3,(anonymous_0)
FNF:1
FNH:1
FNDA:6,(anonymous_0)
DA:3,1
DA:13,6
DA:15,6
DA:22,6
DA:28,6
LF:5
LH:5
BRDA:6,0,0,6
BRDA:7,1,0,6
BRDA:8,2,0,6
BRDA:9,3,0,6
BRDA:10,4,0,6
BRF:5
BRH:5
end_of_record
TN:
SF:src/components/common/Card.jsx
FN:3,(anonymous_0)
FN:9,(anonymous_1)
FNF:2
FNH:2
FNDA:26,(anonymous_0)
FNDA:4,(anonymous_1)
DA:3,2
DA:4,26
DA:9,26
DA:10,4
DA:11,4
DA:12,4
DA:16,26
DA:25,26
LF:8
LH:8
BRDA:3,0,0,26
BRDA:3,1,0,26
BRDA:4,2,0,16
BRDA:4,2,1,10
BRDA:10,3,0,4
BRDA:10,3,1,0
BRDA:10,4,0,4
BRDA:10,4,1,4
BRDA:10,4,2,2
BRDA:16,5,0,21
BRDA:16,5,1,5
BRF:11
BRH:10
end_of_record
TN:
SF:src/components/common/ErrorMessage.jsx
FN:3,(anonymous_0)
FNF:1
FNH:1
FNDA:12,(anonymous_0)
DA:3,1
DA:4,12
DA:6,9
LF:3
LH:3
BRDA:3,0,0,12
BRDA:4,1,0,3
BRDA:4,1,1,9
BRF:3
BRH:3
end_of_record
TN:
SF:src/components/common/SearchBar.jsx
FN:3,(anonymous_0)
FN:6,(anonymous_1)
FN:11,(anonymous_2)
FNF:3
FNH:3
FNDA:71,(anonymous_0)
FNDA:7,(anonymous_1)
FNDA:60,(anonymous_2)
DA:3,1
DA:4,71
DA:6,71
DA:7,7
DA:8,7
DA:11,71
DA:12,60
DA:15,71
LF:8
LH:8
BRDA:3,0,0,71
BRDA:3,1,0,71
BRF:2
BRH:2
end_of_record
TN:
SF:src/components/common/Spinner.jsx
FN:3,(anonymous_0)
FNF:1
FNH:1
FNDA:7,(anonymous_0)
DA:3,1
DA:4,7
DA:11,7
LF:3
LH:3
BRDA:3,0,0,7
BRDA:3,1,0,7
BRF:2
BRH:2
end_of_record
TN:
SF:src/components/recipes/RecipeCard.jsx
FN:5,(anonymous_0)
FN:8,(anonymous_1)
FNF:2
FNH:2
FNDA:15,(anonymous_0)
FNDA:3,(anonymous_1)
DA:5,1
DA:6,15
DA:8,15
DA:9,3
DA:12,15
LF:5
LH:5
BRDA:19,0,0,15
BRDA:19,0,1,14
BRDA:26,1,0,15
BRDA:26,1,1,14
BRDA:45,2,0,15
BRDA:45,2,1,14
BRF:6
BRH:6
end_of_record
